
> estimate-app@0.1.0 dev
> next dev --port 3002

▲ Next.js 16.2.3 (Turbopack)
- Local:         http://localhost:3002
- Network:       http://172.30.1.87:3002
✓ Ready in 718ms

 GET /estimate 200 in 3.3s (next.js: 3.0s, application-code: 302ms)
 GET /estimate 200 in 55ms (next.js: 8ms, application-code: 47ms)
✓ Compiled in 46ms
 GET /estimate 200 in 177ms (next.js: 111ms, application-code: 66ms)
✓ Compiled in 82ms
 GET /estimate 200 in 229ms (next.js: 38ms, application-code: 191ms)
 GET /estimate 200 in 178ms (next.js: 6ms, application-code: 172ms)
 GET /estimate 200 in 146ms (next.js: 8ms, application-code: 138ms)
 GET /estimate 200 in 146ms (next.js: 31ms, application-code: 115ms)
 GET /estimate 200 in 146ms (next.js: 59ms, application-code: 87ms)
 GET /estimate 200 in 133ms (next.js: 6ms, application-code: 128ms)
 GET /estimate 200 in 136ms (next.js: 30ms, application-code: 106ms)
 GET /estimate 200 in 85ms (next.js: 8ms, application-code: 77ms)
 GET /estimate 200 in 57ms (next.js: 5ms, application-code: 52ms)
 GET /estimate 200 in 57ms (next.js: 29ms, application-code: 29ms)
 GET /view 200 in 515ms (next.js: 364ms, application-code: 151ms)
 GET /view 200 in 489ms (next.js: 377ms, application-code: 113ms)
 GET /view 200 in 61ms (next.js: 6ms, application-code: 55ms)
✓ Compiled in 197ms
 GET /view 200 in 141ms (next.js: 41ms, application-code: 100ms)
 GET /view 200 in 33ms (next.js: 5ms, application-code: 28ms)
✓ Compiled in 61ms
 GET /view 200 in 229ms (next.js: 121ms, application-code: 108ms)
 GET /view 200 in 77ms (next.js: 5ms, application-code: 73ms)
 GET /view 200 in 52ms (next.js: 5ms, application-code: 47ms)
 GET /view 200 in 53ms (next.js: 29ms, application-code: 23ms)
✓ Compiled in 59ms
 GET /view 200 in 256ms (next.js: 131ms, application-code: 125ms)
 GET /view 200 in 125ms (next.js: 4ms, application-code: 121ms)
 GET /view 200 in 95ms (next.js: 8ms, application-code: 88ms)
 GET /view 200 in 96ms (next.js: 35ms, application-code: 60ms)
 GET /view 200 in 96ms (next.js: 68ms, application-code: 28ms)
 GET /view 200 in 80ms (next.js: 5ms, application-code: 75ms)
 GET /estimate 200 in 221ms (next.js: 112ms, application-code: 109ms)
✓ Compiled in 71ms
 GET /estimate 500 in 2.7s (next.js: 2.5s, application-code: 238ms)
 GET /estimate 500 in 27ms (next.js: 15ms, application-code: 12ms)
 GET /estimate 500 in 22ms (next.js: 13ms, application-code: 10ms)
✓ Compiled in 44ms
 GET /estimate 200 in 70ms (next.js: 7ms, application-code: 63ms)
✓ Compiled in 100ms
 GET /estimate 500 in 100ms (next.js: 90ms, application-code: 10ms)
 GET /estimate 500 in 26ms (next.js: 14ms, application-code: 12ms)
 GET /estimate 500 in 48ms (next.js: 22ms, application-code: 26ms)
 GET /estimate 500 in 47ms (next.js: 29ms, application-code: 18ms)
✓ Compiled in 54ms
 GET /estimate 500 in 340ms (next.js: 122ms, application-code: 217ms)
 GET /estimate 200 in 331ms (next.js: 242ms, application-code: 89ms)
 GET /estimate 200 in 50ms (next.js: 5ms, application-code: 44ms)
 GET /estimate 500 in 337ms (next.js: 70ms, application-code: 267ms)
✓ Compiled in 74ms
 GET /estimate 200 in 87ms (next.js: 8ms, application-code: 79ms)
 GET /estimate 200 in 48ms (next.js: 6ms, application-code: 41ms)
 GET /estimate 500 in 309ms (next.js: 53ms, application-code: 256ms)
 GET /estimate 200 in 96ms (next.js: 39ms, application-code: 56ms)
 GET /estimate 200 in 95ms (next.js: 64ms, application-code: 32ms)
 GET /estimate 200 in 97ms (next.js: 8ms, application-code: 90ms)
 GET /estimate 200 in 374ms (next.js: 52ms, application-code: 322ms)
 GET /estimate 200 in 260ms (next.js: 130ms, application-code: 129ms)
 GET /estimate 500 in 266ms (next.js: 9ms, application-code: 257ms)
 GET /estimate 200 in 106ms (next.js: 10ms, application-code: 96ms)
 GET /estimate 200 in 104ms (next.js: 75ms, application-code: 28ms)
 GET /estimate 200 in 277ms (next.js: 136ms, application-code: 141ms)
 GET /estimate 200 in 107ms (next.js: 47ms, application-code: 60ms)
 GET /estimate 200 in 393ms (next.js: 53ms, application-code: 340ms)
 GET /estimate 500 in 283ms (next.js: 10ms, application-code: 274ms)
✓ Compiled in 71ms
 GET /estimate 500 in 73ms (next.js: 6ms, application-code: 67ms)
✓ Compiled in 75ms
 GET /estimate 500 in 80ms (next.js: 6ms, application-code: 74ms)
✓ Compiled in 47ms
 GET /estimate 500 in 311ms (next.js: 143ms, application-code: 169ms)
✓ Compiled in 131ms
 GET /estimate 500 in 69ms (next.js: 6ms, application-code: 64ms)
 GET /estimate 404 in 674ms (next.js: 525ms, application-code: 149ms)
 GET /estimate 404 in 792ms (next.js: 573ms, application-code: 219ms)
 GET /estimate 404 in 140ms (next.js: 22ms, application-code: 118ms)
 GET /estimate 404 in 83ms (next.js: 32ms, application-code: 51ms)
 GET /estimate 404 in 81ms (next.js: 59ms, application-code: 22ms)
 GET /estimate 404 in 232ms (next.js: 65ms, application-code: 167ms)
 GET / 200 in 644ms (next.js: 495ms, application-code: 149ms)
 GET /estimate 500 in 26ms (next.js: 12ms, application-code: 14ms)
 GET /estimate 500 in 26ms (next.js: 15ms, application-code: 11ms)
 GET /estimate 500 in 31ms (next.js: 14ms, application-code: 17ms)
 GET /estimate 500 in 19ms (next.js: 10ms, application-code: 9ms)
✓ Compiled in 98ms
 GET /estimate 404 in 159ms (next.js: 46ms, application-code: 113ms)
 GET /estimate 404 in 252ms (next.js: 39ms, application-code: 213ms)
 GET /estimate 404 in 123ms (next.js: 39ms, application-code: 85ms)
 GET /estimate 404 in 120ms (next.js: 79ms, application-code: 41ms)
 GET /estimate 404 in 297ms (next.js: 16ms, application-code: 281ms)
 GET /estimate 404 in 299ms (next.js: 26ms, application-code: 273ms)
 GET /estimate 404 in 265ms (next.js: 42ms, application-code: 224ms)
 GET /estimate 404 in 79ms (next.js: 55ms, application-code: 24ms)
 GET /estimate 404 in 237ms (next.js: 21ms, application-code: 216ms)
 GET /estimate 404 in 84ms (next.js: 30ms, application-code: 54ms)
 GET /estimate 404 in 273ms (next.js: 58ms, application-code: 215ms)
 GET /estimate 404 in 230ms (next.js: 35ms, application-code: 195ms)
 GET /estimate 404 in 154ms (next.js: 32ms, application-code: 122ms)
 GET /estimate 404 in 79ms (next.js: 53ms, application-code: 26ms)
 GET /estimate 404 in 83ms (next.js: 29ms, application-code: 53ms)
 GET /estimate 404 in 255ms (next.js: 54ms, application-code: 201ms)
 GET /estimate 404 in 253ms (next.js: 39ms, application-code: 214ms)
 GET /estimate 404 in 178ms (next.js: 33ms, application-code: 145ms)
 GET /estimate 404 in 273ms (next.js: 61ms, application-code: 211ms)
 GET /estimate 404 in 85ms (next.js: 24ms, application-code: 61ms)
 GET /estimate 404 in 236ms (next.js: 10ms, application-code: 226ms)
 GET /estimate 404 in 186ms (next.js: 54ms, application-code: 132ms)
 GET /estimate 404 in 184ms (next.js: 87ms, application-code: 97ms)
 GET /estimate 404 in 183ms (next.js: 116ms, application-code: 67ms)
 GET /estimate 404 in 183ms (next.js: 138ms, application-code: 45ms)
 GET /estimate 404 in 258ms (next.js: 26ms, application-code: 231ms)
 GET /sites 200 in 556ms (next.js: 451ms, application-code: 105ms)
 GET /estimate 500 in 27ms (next.js: 12ms, application-code: 15ms)
 GET /estimate 500 in 21ms (next.js: 10ms, application-code: 11ms)
 GET /estimate 500 in 42ms (next.js: 18ms, application-code: 23ms)
 GET /estimate 500 in 37ms (next.js: 26ms, application-code: 11ms)
✓ Compiled in 46ms
 GET /estimate 404 in 148ms (next.js: 41ms, application-code: 108ms)
 GET /estimate 500 in 22ms (next.js: 10ms, application-code: 11ms)
 GET /estimate 500 in 28ms (next.js: 13ms, application-code: 15ms)
 GET /estimate 500 in 29ms (next.js: 13ms, application-code: 16ms)
✓ Compiled in 90ms
 GET /estimate 404 in 152ms (next.js: 42ms, application-code: 110ms)
 GET /estimate 404 in 163ms (next.js: 44ms, application-code: 118ms)
 GET /estimate 404 in 272ms (next.js: 11ms, application-code: 261ms)
 GET /estimate 404 in 138ms (next.js: 89ms, application-code: 49ms)
 GET /estimate 404 in 147ms (next.js: 29ms, application-code: 118ms)
 GET /estimate 404 in 145ms (next.js: 58ms, application-code: 87ms)
 GET /estimate 404 in 294ms (next.js: 17ms, application-code: 277ms)
 GET /estimate 404 in 229ms (next.js: 45ms, application-code: 184ms)
 GET /estimate 404 in 143ms (next.js: 16ms, application-code: 127ms)
 GET /estimate 404 in 80ms (next.js: 56ms, application-code: 23ms)
 GET /estimate 404 in 237ms (next.js: 42ms, application-code: 195ms)
✓ Compiled in 74ms
 GET /sites 200 in 358ms (next.js: 173ms, application-code: 185ms)
 GET /estimate 404 in 91ms (next.js: 22ms, application-code: 69ms)
 GET /estimate 404 in 218ms (next.js: 13ms, application-code: 205ms)
 GET /estimate 404 in 152ms (next.js: 37ms, application-code: 115ms)
 GET /estimate 404 in 156ms (next.js: 79ms, application-code: 77ms)
 GET /estimate 404 in 159ms (next.js: 58ms, application-code: 101ms)
 GET /estimate 404 in 76ms (next.js: 21ms, application-code: 55ms)
 GET /estimate 404 in 209ms (next.js: 94ms, application-code: 115ms)
 GET /estimate 404 in 264ms (next.js: 16ms, application-code: 248ms)
 GET /estimate 404 in 95ms (next.js: 23ms, application-code: 72ms)
 GET /estimate 404 in 156ms (next.js: 80ms, application-code: 76ms)
 GET /estimate 404 in 146ms (next.js: 102ms, application-code: 44ms)
 GET /estimate 404 in 163ms (next.js: 50ms, application-code: 113ms)
 GET /estimate 404 in 166ms (next.js: 26ms, application-code: 140ms)
 GET /estimate 404 in 259ms (next.js: 12ms, application-code: 247ms)
 GET /estimate 404 in 240ms (next.js: 16ms, application-code: 223ms)
 GET /estimate 404 in 96ms (next.js: 18ms, application-code: 77ms)
 GET /estimate 404 in 185ms (next.js: 82ms, application-code: 104ms)
 GET /estimate 404 in 109ms (next.js: 44ms, application-code: 64ms)
 GET /estimate 404 in 220ms (next.js: 60ms, application-code: 160ms)
 GET /estimate 404 in 292ms (next.js: 11ms, application-code: 282ms)
 GET /estimate 404 in 218ms (next.js: 85ms, application-code: 133ms)
 GET /estimate 404 in 271ms (next.js: 27ms, application-code: 245ms)
 GET /estimate 404 in 59ms (next.js: 19ms, application-code: 40ms)
 GET /estimate 404 in 143ms (next.js: 15ms, application-code: 128ms)
 GET /estimate 404 in 93ms (next.js: 47ms, application-code: 46ms)
 GET /estimate 404 in 126ms (next.js: 12ms, application-code: 114ms)
 GET /estimate 404 in 248ms (next.js: 65ms, application-code: 183ms)
 GET /estimate 404 in 125ms (next.js: 14ms, application-code: 111ms)
 GET /estimate 404 in 188ms (next.js: 37ms, application-code: 151ms)
 GET /sites 200 in 76ms (next.js: 16ms, application-code: 59ms)
 GET /sites/1 200 in 1170ms (next.js: 1137ms, application-code: 33ms)
 GET /sites/1/estimate 200 in 1079ms (next.js: 1051ms, application-code: 28ms)
 GET /sites/1/estimate 200 in 44ms (next.js: 20ms, application-code: 24ms)
 GET /sites/1/estimate 200 in 53ms (next.js: 31ms, application-code: 22ms)
 GET /sites/1/estimate 200 in 25ms (next.js: 4ms, application-code: 21ms)
 GET /sites/1/estimate 200 in 40ms (next.js: 19ms, application-code: 20ms)
 GET /sites/1776244865058 200 in 39ms (next.js: 17ms, application-code: 22ms)
 GET /sites/1776244865058/estimate 200 in 44ms (next.js: 20ms, application-code: 24ms)
 GET /sites/1776244865058/estimate 200 in 25ms (next.js: 19ms, application-code: 6ms)
 GET /sites/1776244865058/estimate 200 in 26ms (next.js: 4ms, application-code: 22ms)
 GET /sites/1 200 in 63ms (next.js: 19ms, application-code: 44ms)
 GET /sites/1/estimate 200 in 39ms (next.js: 17ms, application-code: 22ms)
 GET /sites/1 200 in 57ms (next.js: 19ms, application-code: 38ms)
 GET /sites/1 200 in 60ms (next.js: 19ms, application-code: 41ms)
✓ Compiled in 179ms
✓ Compiled in 93ms
✓ Compiled in 73ms
✓ Compiled in 94ms
 GET /sites 200 in 308ms (next.js: 131ms, application-code: 177ms)
✓ Compiled in 83ms
 GET /sites 500 in 27ms (next.js: 13ms, application-code: 14ms)
 GET /sites 500 in 22ms (next.js: 12ms, application-code: 9ms)
 GET /sites 500 in 29ms (next.js: 13ms, application-code: 15ms)
 GET /sites 500 in 36ms (next.js: 23ms, application-code: 13ms)
✓ Compiled in 142ms
 GET /sites 200 in 189ms (next.js: 55ms, application-code: 134ms)
 GET /sites 500 in 32ms (next.js: 12ms, application-code: 20ms)
 GET /sites 500 in 24ms (next.js: 11ms, application-code: 13ms)
 GET /sites 500 in 31ms (next.js: 17ms, application-code: 14ms)
 GET /sites 500 in 36ms (next.js: 25ms, application-code: 12ms)
✓ Compiled in 212ms
 GET /sites 200 in 223ms (next.js: 60ms, application-code: 163ms)
 GET /sites 200 in 110ms (next.js: 54ms, application-code: 56ms)
 GET /sites 200 in 79ms (next.js: 5ms, application-code: 74ms)
 GET /sites/1/estimate 200 in 286ms (next.js: 148ms, application-code: 138ms)
 GET /sites 200 in 258ms (next.js: 56ms, application-code: 202ms)
 GET /sites 200 in 175ms (next.js: 5ms, application-code: 169ms)
 GET /sites 200 in 144ms (next.js: 6ms, application-code: 138ms)
 GET /sites 200 in 145ms (next.js: 31ms, application-code: 114ms)
 GET /sites 200 in 169ms (next.js: 82ms, application-code: 87ms)
 GET /sites 200 in 171ms (next.js: 56ms, application-code: 115ms)
 GET /sites 200 in 175ms (next.js: 6ms, application-code: 169ms)
 GET /sites 200 in 143ms (next.js: 7ms, application-code: 135ms)
 GET /sites 200 in 136ms (next.js: 6ms, application-code: 130ms)
 GET /sites 200 in 137ms (next.js: 32ms, application-code: 105ms)
 GET /sites 200 in 113ms (next.js: 6ms, application-code: 107ms)
 GET /sites 200 in 113ms (next.js: 30ms, application-code: 83ms)
 GET /sites 200 in 111ms (next.js: 5ms, application-code: 106ms)
 GET /sites 200 in 111ms (next.js: 31ms, application-code: 80ms)
 GET /sites 200 in 54ms (next.js: 27ms, application-code: 27ms)
 GET /sites 200 in 56ms (next.js: 4ms, application-code: 51ms)
 GET /sites 200 in 133ms (next.js: 55ms, application-code: 78ms)
 GET /sites 200 in 120ms (next.js: 63ms, application-code: 57ms)
 GET /sites 200 in 103ms (next.js: 51ms, application-code: 51ms)
 GET /sites 200 in 98ms (next.js: 52ms, application-code: 46ms)
 GET /sites 200 in 118ms (next.js: 5ms, application-code: 113ms)
 GET /sites/1 200 in 222ms (next.js: 158ms, application-code: 65ms)
 GET /sites/1/estimate 200 in 232ms (next.js: 177ms, application-code: 55ms)
