
> estimate-app@0.1.0 dev
> next dev

▲ Next.js 16.2.3 (Turbopack)
- Local:         http://localhost:3000
- Network:       http://172.30.1.87:3000
✓ Ready in 919ms

 GET / 200 in 414ms (next.js: 245ms, application-code: 169ms)
 GET /sites 200 in 95ms (next.js: 58ms, application-code: 37ms)
 GET /sites 200 in 26ms (next.js: 6ms, application-code: 20ms)
 GET /sites/1776313302044 200 in 810ms (next.js: 777ms, application-code: 33ms)
 GET /sites/1776313302044/contract 200 in 762ms (next.js: 718ms, application-code: 44ms)
 GET /sites/1776313302044/files 200 in 815ms (next.js: 772ms, application-code: 43ms)
 GET /customers 200 in 72ms (next.js: 48ms, application-code: 24ms)
 GET /dashboard 200 in 81ms (next.js: 46ms, application-code: 35ms)
 GET /sites 200 in 26ms (next.js: 5ms, application-code: 21ms)
 GET /sites/1776313302044 200 in 37ms (next.js: 13ms, application-code: 24ms)
 GET /sites/1776313302044/estimate/preview 200 in 720ms (next.js: 681ms, application-code: 39ms)
 GET /sites/1776313302044/estimate 200 in 744ms (next.js: 710ms, application-code: 34ms)
 GET /sites/1776313302044/estimate/preview 200 in 38ms (next.js: 12ms, application-code: 25ms)
 GET /sites/1776313302044/estimate 200 in 34ms (next.js: 12ms, application-code: 22ms)
 GET /sites 200 in 25ms (next.js: 4ms, application-code: 20ms)
 GET /sites/1 200 in 35ms (next.js: 12ms, application-code: 23ms)
 GET /sites/1/notes 200 in 747ms (next.js: 707ms, application-code: 40ms)
 GET /sites/1/files 200 in 37ms (next.js: 13ms, application-code: 23ms)
 GET /sites/1/estimate 200 in 33ms (next.js: 12ms, application-code: 21ms)
 GET /sites/1/estimate/preview 200 in 33ms (next.js: 11ms, application-code: 22ms)
✓ Compiled in 70ms
 GET /sites/1/estimate/preview 200 in 247ms (next.js: 185ms, application-code: 63ms)
✓ Compiled in 59ms
 GET /sites/1/estimate/preview 200 in 280ms (next.js: 218ms, application-code: 62ms)
✓ Compiled in 53ms
 GET /sites/1/estimate/preview 200 in 238ms (next.js: 161ms, application-code: 76ms)
